[debug] [2022-10-11T20:57:49.313Z] ----------------------------------------------------------------------
[debug] [2022-10-11T20:57:49.314Z] Command:       /home/zsoliman/.nvm/versions/node/v16.15.0/bin/node /home/zsoliman/.nvm/versions/node/v16.15.0/bin/firebase init
[debug] [2022-10-11T20:57:49.314Z] CLI Version:   11.14.2
[debug] [2022-10-11T20:57:49.314Z] Platform:      linux
[debug] [2022-10-11T20:57:49.315Z] Node Version:  v16.15.0
[debug] [2022-10-11T20:57:49.315Z] Time:          Tue Oct 11 2022 16:57:49 GMT-0400 (Eastern Daylight Time)
[debug] [2022-10-11T20:57:49.315Z] ----------------------------------------------------------------------
[debug] 
[debug] [2022-10-11T20:57:49.319Z] > command requires scopes: ["email","openid","https://www.googleapis.com/auth/cloudplatformprojects.readonly","https://www.googleapis.com/auth/firebase","https://www.googleapis.com/auth/cloud-platform"]
[debug] [2022-10-11T20:57:49.320Z] > authorizing via signed-in user (zachsoliman1@gmail.com)
[info] 
     ######## #### ########  ######## ########     ###     ######  ########
     ##        ##  ##     ## ##       ##     ##  ##   ##  ##       ##
     ######    ##  ########  ######   ########  #########  ######  ######
     ##        ##  ##    ##  ##       ##     ## ##     ##       ## ##
     ##       #### ##     ## ######## ########  ##     ##  ######  ########

You're about to initialize a Firebase project in this directory:

  /home/zsoliman/code/create/firebase_test_site

[info] 
=== Project Setup
[info] 
[info] First, let's associate this project directory with a Firebase project.
[info] You can create multiple project aliases by running firebase use --add, 
[info] but for now we'll just set up a default project.
[info] 
[debug] [2022-10-11T20:58:40.544Z] > refreshing access token with scopes: []
[debug] [2022-10-11T20:58:40.547Z] >>> [apiv2][query] POST https://www.googleapis.com/oauth2/v3/token [none]
[debug] [2022-10-11T20:58:40.547Z] >>> [apiv2][body] POST https://www.googleapis.com/oauth2/v3/token [omitted]
[debug] [2022-10-11T20:58:40.703Z] <<< [apiv2][status] POST https://www.googleapis.com/oauth2/v3/token 200
[debug] [2022-10-11T20:58:40.703Z] <<< [apiv2][body] POST https://www.googleapis.com/oauth2/v3/token [omitted]
[debug] [2022-10-11T20:58:40.709Z] >>> [apiv2][query] GET https://firebase.googleapis.com/v1beta1/projects pageSize=100
[debug] [2022-10-11T20:58:41.026Z] <<< [apiv2][status] GET https://firebase.googleapis.com/v1beta1/projects 200
[debug] [2022-10-11T20:58:41.026Z] <<< [apiv2][body] GET https://firebase.googleapis.com/v1beta1/projects [omitted]
[info] i  Using project fir-hosting-test-3b55f (firebase-hosting-test) 
[info] 
=== Hosting Setup
[info] 
[info] Your public directory is the folder (relative to your project directory) that
[info] will contain Hosting assets to be uploaded with firebase deploy. If you
[info] have a build process for your assets, use your build's output directory.
[info] 
[info] ✔  Wrote public/404.html 
[debug] [2022-10-11T20:59:37.574Z] >>> [apiv2][query] GET https://www.gstatic.com/firebasejs/releases.json [none]
[debug] [2022-10-11T20:59:37.638Z] <<< [apiv2][status] GET https://www.gstatic.com/firebasejs/releases.json 200
[debug] [2022-10-11T20:59:37.639Z] <<< [apiv2][body] GET https://www.gstatic.com/firebasejs/releases.json {"current":{"version":"9.12.0","browserURL":"https://www.gstatic.com/firebasejs/9.12.0/firebase.js","packageURL":"https://www.gstatic.com/firebasejs/9.12.0/firebase.tgz"},"live":{"version":"9.12","browserURL":"https://www.gstatic.com/firebasejs/live/9.12/firebase.js","packageURL":"https://www.gstatic.com/firebasejs/live/9.12/firebase.tgz"},"components":{"analytics":"https://www.gstatic.com/firebasejs/9.12.0/firebase-analytics.js","app":"https://www.gstatic.com/firebasejs/9.12.0/firebase-app.js","app-check":"https://www.gstatic.com/firebasejs/9.12.0/firebase-app-check.js","auth":"https://www.gstatic.com/firebasejs/9.12.0/firebase-auth.js","auth/cordova":"https://www.gstatic.com/firebasejs/9.12.0/firebase-auth/cordova.js","auth/react-native":"https://www.gstatic.com/firebasejs/9.12.0/firebase-auth/react-native.js","functions":"https://www.gstatic.com/firebasejs/9.12.0/firebase-functions.js","firestore":"https://www.gstatic.com/firebasejs/9.12.0/firebase-firestore.js","firestore/lite":"https://www.gstatic.com/firebasejs/9.12.0/firebase-firestore/lite.js","installations":"https://www.gstatic.com/firebasejs/9.12.0/firebase-installations.js","storage":"https://www.gstatic.com/firebasejs/9.12.0/firebase-storage.js","performance":"https://www.gstatic.com/firebasejs/9.12.0/firebase-performance.js","remote-config":"https://www.gstatic.com/firebasejs/9.12.0/firebase-remote-config.js","messaging":"https://www.gstatic.com/firebasejs/9.12.0/firebase-messaging.js","messaging/sw":"https://www.gstatic.com/firebasejs/9.12.0/firebase-messaging/sw.js","database":"https://www.gstatic.com/firebasejs/9.12.0/firebase-database.js","firestore.memory":"https://www.gstatic.com/firebasejs/9.12.0/firebase-firestore.memory.js"}}
[info] ✔  Wrote public/index.html 
[info] 
[info] i  Detected a .git folder at /home/zsoliman/code/create/firebase_test_site 
[info] i  Authorizing with GitHub to upload your service account to a GitHub repository's secrets store. 
[info] 
[info] Visit this URL on this device to log in:
[info] https://github.com/login/oauth/authorize?client_id=89cf50f02ac6aaed3484&state=64973010&redirect_uri=http%3A%2F%2Flocalhost%3A9005&scope=read%3Auser%20repo%20public_repo
[info] 
[info] Waiting for authentication...
[debug] [2022-10-11T20:59:40.942Z] >>> [apiv2][query] POST https://github.com/login/oauth/access_token [none]
[debug] [2022-10-11T20:59:40.942Z] >>> [apiv2][body] POST https://github.com/login/oauth/access_token [stream]
[debug] [2022-10-11T20:59:41.180Z] <<< [apiv2][status] POST https://github.com/login/oauth/access_token 200
[debug] [2022-10-11T20:59:41.180Z] <<< [apiv2][body] POST https://github.com/login/oauth/access_token {"access_token":"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","token_type":"bearer","scope":"read:user,repo"}
[debug] [2022-10-11T20:59:41.185Z] >>> [apiv2][query] GET https://api.github.com/user [none]
[debug] [2022-10-11T20:59:41.549Z] <<< [apiv2][status] GET https://api.github.com/user 200
[debug] [2022-10-11T20:59:41.549Z] <<< [apiv2][body] GET https://api.github.com/user {"login":"zsoliman","id":106197475,"node_id":"U_kgDOBlRx4w","avatar_url":"https://avatars.githubusercontent.com/u/106197475?v=4","gravatar_id":"","url":"https://api.github.com/users/zsoliman","html_url":"https://github.com/zsoliman","followers_url":"https://api.github.com/users/zsoliman/followers","following_url":"https://api.github.com/users/zsoliman/following{/other_user}","gists_url":"https://api.github.com/users/zsoliman/gists{/gist_id}","starred_url":"https://api.github.com/users/zsoliman/starred{/owner}{/repo}","subscriptions_url":"https://api.github.com/users/zsoliman/subscriptions","organizations_url":"https://api.github.com/users/zsoliman/orgs","repos_url":"https://api.github.com/users/zsoliman/repos","events_url":"https://api.github.com/users/zsoliman/events{/privacy}","received_events_url":"https://api.github.com/users/zsoliman/received_events","type":"User","site_admin":false,"name":"Zach Soliman","company":null,"blog":"","location":null,"email":null,"hireable":null,"bio":null,"twitter_username":null,"public_repos":157,"public_gists":0,"followers":3,"following":2,"created_at":"2022-05-24T21:38:11Z","updated_at":"2022-08-04T03:43:05Z","private_gists":0,"total_private_repos":1,"owned_private_repos":1,"disk_usage":106258,"collaborators":0,"two_factor_authentication":false,"plan":{"name":"free","space":976562499,"collaborators":0,"private_repos":10000}}
[info] 
[info] ✔  Success! Logged into GitHub as zsoliman 
[info] 
